# JRE version: OpenJDK Runtime Environment Zulu11.50+19-CA (11.0.12+7) (build 11.0.12+7-LTS)
# Java VM: OpenJDK 64-Bit Server VM Zulu11.50+19-CA (11.0.12+7-LTS, mixed mode, tiered, compressed oops, g1 gc, linux-amd64)
Heap:
 garbage-first heap   total 262144K, used 167546K [0x0000000080000000, 0x0000000100000000)
  region size 1024K, 156 young (159744K), 4 survivors (4096K)
 Metaspace       used 17820K, capacity 18290K, committed 18432K, reserved 1064960K
  class space    used 1854K, capacity 2035K, committed 2048K, reserved 1048576K
GC Heap History (15 events):
Event: 0.790 GC heap before
{Heap before GC invocations=0 (full 0):
 garbage-first heap   total 262144K, used 13311K [0x0000000080000000, 0x0000000100000000)
  region size 1024K, 12 young (12288K), 0 survivors (0K)
 Metaspace       used 9037K, capacity 9159K, committed 9344K, reserved 1058816K
  class space    used 826K, capacity 887K, committed 896K, reserved 1048576K
}
Event: 0.824 GC heap after
{Heap after GC invocations=1 (full 0):
 garbage-first heap   total 262144K, used 9127K [0x0000000080000000, 0x0000000100000000)
  region size 1024K, 2 young (2048K), 2 survivors (2048K)
 Metaspace       used 9037K, capacity 9159K, committed 9344K, reserved 1058816K
  class space    used 826K, capacity 887K, committed 896K, reserved 1048576K
}
Event: 1.462 GC heap before
{Heap before GC invocations=1 (full 0):
 garbage-first heap   total 262144K, used 19367K [0x0000000080000000, 0x0000000100000000)
  region size 1024K, 12 young (12288K), 2 survivors (2048K)
 Metaspace       used 14713K, capacity 15114K, committed 15232K, reserved 1062912K
  class space    used 1483K, capacity 1618K, committed 1664K, reserved 1048576K
}
Event: 1.471 GC heap after
{Heap after GC invocations=2 (full 0):
 garbage-first heap   total 262144K, used 11093K [0x0000000080000000, 0x0000000100000000)
  region size 1024K, 2 young (2048K), 2 survivors (2048K)
 Metaspace       used 14713K, capacity 15114K, committed 15232K, reserved 1062912K
  class space    used 1483K, capacity 1618K, committed 1664K, reserved 1048576K
}
Event: 1.871 GC heap before
{Heap before GC invocations=2 (full 0):
 garbage-first heap   total 262144K, used 20309K [0x0000000080000000, 0x0000000100000000)
  region size 1024K, 12 young (12288K), 2 survivors (2048K)
 Metaspace       used 15179K, capacity 15580K, committed 15872K, reserved 1062912K
  class space    used 1534K, capacity 1666K, committed 1792K, reserved 1048576K
}
Event: 1.875 GC heap after
{Heap after GC invocations=3 (full 0):
 garbage-first heap   total 262144K, used 11484K [0x0000000080000000, 0x0000000100000000)
  region size 1024K, 1 young (1024K), 1 survivors (1024K)
 Metaspace       used 15179K, capacity 15580K, committed 15872K, reserved 1062912K
  class space    used 1534K, capacity 1666K, committed 1792K, reserved 1048576K
}
Event: 2.122 GC heap before
{Heap before GC invocations=3 (full 0):
 garbage-first heap   total 262144K, used 21724K [0x0000000080000000, 0x0000000100000000)
  region size 1024K, 13 young (13312K), 1 survivors (1024K)
 Metaspace       used 15226K, capacity 15646K, committed 15872K, reserved 1062912K
  class space    used 1534K, capacity 1666K, committed 1792K, reserved 1048576K
}
Event: 2.123 GC heap after
{Heap after GC invocations=4 (full 0):
 garbage-first heap   total 262144K, used 11643K [0x0000000080000000, 0x0000000100000000)
  region size 1024K, 1 young (1024K), 1 survivors (1024K)
 Metaspace       used 15226K, capacity 15646K, committed 15872K, reserved 1062912K
  class space    used 1534K, capacity 1666K, committed 1792K, reserved 1048576K
}
Event: 2.215 GC heap before
{Heap before GC invocations=4 (full 0):
 garbage-first heap   total 262144K, used 21883K [0x0000000080000000, 0x0000000100000000)
  region size 1024K, 12 young (12288K), 1 survivors (1024K)
 Metaspace       used 15226K, capacity 15646K, committed 15872K, reserved 1062912K
  class space    used 1534K, capacity 1666K, committed 1792K, reserved 1048576K
}
Event: 2.216 GC heap after
{Heap after GC invocations=5 (full 0):
 garbage-first heap   total 262144K, used 11685K [0x0000000080000000, 0x0000000100000000)
  region size 1024K, 1 young (1024K), 1 survivors (1024K)
 Metaspace       used 15226K, capacity 15646K, committed 15872K, reserved 1062912K
  class space    used 1534K, capacity 1666K, committed 1792K, reserved 1048576K
}
Event: 2.323 GC heap before
{Heap before GC invocations=5 (full 0):
 garbage-first heap   total 262144K, used 24997K [0x0000000080000000, 0x0000000100000000)
  region size 1024K, 14 young (14336K), 1 survivors (1024K)
 Metaspace       used 15226K, capacity 15646K, committed 15872K, reserved 1062912K
  class space    used 1534K, capacity 1666K, committed 1792K, reserved 1048576K
}
Event: 2.324 GC heap after
{Heap after GC invocations=6 (full 0):
 garbage-first heap   total 262144K, used 12079K [0x0000000080000000, 0x0000000100000000)
  region size 1024K, 2 young (2048K), 2 survivors (2048K)
 Metaspace       used 15226K, capacity 15646K, committed 15872K, reserved 1062912K
  class space    used 1534K, capacity 1666K, committed 1792K, reserved 1048576K
}
Event: 2.403 GC heap before
{Heap before GC invocations=6 (full 0):
 garbage-first heap   total 262144K, used 27439K [0x0000000080000000, 0x0000000100000000)
  region size 1024K, 17 young (17408K), 2 survivors (2048K)
 Metaspace       used 15229K, capacity 15646K, committed 15872K, reserved 1062912K
  class space    used 1534K, capacity 1666K, committed 1792K, reserved 1048576K
}
Event: 2.404 GC heap after
{Heap after GC invocations=7 (full 0):
 garbage-first heap   total 262144K, used 11898K [0x0000000080000000, 0x0000000100000000)
  region size 1024K, 1 young (1024K), 1 survivors (1024K)
 Metaspace       used 15229K, capacity 15646K, committed 15872K, reserved 1062912K
  class space    used 1534K, capacity 1666K, committed 1792K, reserved 1048576K
}
Event: 3.120 GC heap before
{Heap before GC invocations=7 (full 0):
 garbage-first heap   total 262144K, used 167546K [0x0000000080000000, 0x0000000100000000)
  region size 1024K, 153 young (156672K), 1 survivors (1024K)
 Metaspace       used 17820K, capacity 18290K, committed 18432K, reserved 1064960K
  class space    used 1854K, capacity 2035K, committed 2048K, reserved 1048576K
}

